<?xml version="1.0" encoding="UTF-8"?>
<!-- Generated by org.testng.reporters.JUnitReportReporter -->
<testsuite hostname="Ram-Desktop" failures="0" tests="1" name="OrangeHRM.Testcases.adminLoginTestwithValidCreds" time="7.992" errors="0" timestamp="07 Apr 2023 13:09:58 GMT" skipped="0">
  <testcase classname="OrangeHRM.Testcases.adminLoginTestwithValidCreds" name="LoginTest" time="7.992"/>
</testsuite> <!-- OrangeHRM.Testcases.adminLoginTestwithValidCreds -->
