<?xml version="1.0" encoding="UTF-8"?>
<!-- Generated by org.testng.reporters.JUnitReportReporter -->
<testsuite hostname="Ram-Desktop" failures="0" tests="1" name="OrangeHRM.Testcases.adminLoginTestwithInvalidcreds" time="3.922" errors="0" timestamp="07 Apr 2023 13:29:15 GMT" skipped="0">
  <testcase classname="OrangeHRM.Testcases.adminLoginTestwithInvalidcreds" name="adminloginwithinvalidcreds" time="3.922"/>
</testsuite> <!-- OrangeHRM.Testcases.adminLoginTestwithInvalidcreds -->
